Epoch 0 Batch 0/584 Time 0.001 h Loss 3.561 Batch acc. 26.562
Epoch 0 Batch 10/584 Time 0.001 h Loss 1.893 Batch acc. 37.500
Epoch 0 Batch 20/584 Time 0.002 h Loss 1.260 Batch acc. 53.125
Epoch 0 Batch 30/584 Time 0.002 h Loss 0.830 Batch acc. 71.875
Epoch 0 Batch 40/584 Time 0.003 h Loss 0.965 Batch acc. 60.938
Epoch 0 Batch 50/584 Time 0.004 h Loss 0.798 Batch acc. 75.000
Epoch 0 Batch 60/584 Time 0.004 h Loss 0.883 Batch acc. 67.188
Epoch 0 Batch 70/584 Time 0.005 h Loss 0.846 Batch acc. 78.125
Epoch 0 Batch 80/584 Time 0.005 h Loss 0.894 Batch acc. 71.875
Epoch 0 Batch 90/584 Time 0.006 h Loss 0.817 Batch acc. 70.312
Epoch 0 Batch 100/584 Time 0.006 h Loss 0.798 Batch acc. 68.750
Epoch 0 Batch 110/584 Time 0.007 h Loss 0.756 Batch acc. 79.688
Epoch 0 Batch 120/584 Time 0.007 h Loss 0.858 Batch acc. 68.750
Epoch 0 Batch 130/584 Time 0.008 h Loss 0.766 Batch acc. 70.312
Epoch 0 Batch 140/584 Time 0.008 h Loss 0.697 Batch acc. 71.875
Epoch 0 Batch 150/584 Time 0.009 h Loss 0.799 Batch acc. 73.438
Epoch 0 Batch 160/584 Time 0.010 h Loss 0.738 Batch acc. 67.188
Epoch 0 Batch 170/584 Time 0.010 h Loss 1.030 Batch acc. 62.500
Epoch 0 Batch 180/584 Time 0.011 h Loss 0.724 Batch acc. 68.750
Epoch 0 Batch 190/584 Time 0.011 h Loss 0.560 Batch acc. 85.938
Epoch 0 Batch 200/584 Time 0.012 h Loss 0.827 Batch acc. 71.875
Epoch 0 Batch 210/584 Time 0.012 h Loss 0.625 Batch acc. 82.812
Epoch 0 Batch 220/584 Time 0.013 h Loss 0.549 Batch acc. 76.562
Epoch 0 Batch 230/584 Time 0.013 h Loss 0.842 Batch acc. 71.875
Epoch 0 Batch 240/584 Time 0.014 h Loss 0.453 Batch acc. 85.938
Epoch 0 Batch 250/584 Time 0.014 h Loss 0.619 Batch acc. 78.125
Epoch 0 Batch 260/584 Time 0.015 h Loss 0.658 Batch acc. 79.688
Epoch 0 Batch 270/584 Time 0.015 h Loss 0.752 Batch acc. 81.250
Epoch 0 Batch 280/584 Time 0.016 h Loss 0.664 Batch acc. 73.438
Epoch 0 Batch 290/584 Time 0.016 h Loss 0.540 Batch acc. 81.250
Epoch 0 Batch 300/584 Time 0.017 h Loss 0.509 Batch acc. 79.688
Epoch 0 Batch 310/584 Time 0.018 h Loss 0.517 Batch acc. 78.125
Epoch 0 Batch 320/584 Time 0.018 h Loss 0.581 Batch acc. 73.438
Epoch 0 Batch 330/584 Time 0.019 h Loss 0.518 Batch acc. 81.250
Epoch 0 Batch 340/584 Time 0.019 h Loss 0.700 Batch acc. 75.000
Epoch 0 Batch 350/584 Time 0.020 h Loss 0.716 Batch acc. 79.688
Epoch 0 Batch 360/584 Time 0.020 h Loss 0.565 Batch acc. 79.688
Epoch 0 Batch 370/584 Time 0.021 h Loss 0.397 Batch acc. 85.938
Epoch 0 Batch 380/584 Time 0.021 h Loss 0.413 Batch acc. 90.625
Epoch 0 Batch 390/584 Time 0.022 h Loss 0.407 Batch acc. 82.812
Epoch 0 Batch 400/584 Time 0.022 h Loss 0.300 Batch acc. 87.500
Epoch 0 Batch 410/584 Time 0.023 h Loss 0.385 Batch acc. 87.500
Epoch 0 Batch 420/584 Time 0.024 h Loss 0.377 Batch acc. 84.375
Epoch 0 Batch 430/584 Time 0.024 h Loss 0.510 Batch acc. 84.375
Epoch 0 Batch 440/584 Time 0.025 h Loss 0.475 Batch acc. 84.375
Epoch 0 Batch 450/584 Time 0.025 h Loss 0.425 Batch acc. 89.062
Epoch 0 Batch 460/584 Time 0.026 h Loss 0.375 Batch acc. 84.375
Epoch 0 Batch 470/584 Time 0.026 h Loss 0.435 Batch acc. 87.500
Epoch 0 Batch 480/584 Time 0.027 h Loss 0.254 Batch acc. 90.625
Epoch 0 Batch 490/584 Time 0.027 h Loss 0.563 Batch acc. 84.375
Epoch 0 Batch 500/584 Time 0.028 h Loss 0.389 Batch acc. 87.500
Epoch 0 Batch 510/584 Time 0.028 h Loss 0.403 Batch acc. 85.938
Epoch 0 Batch 520/584 Time 0.029 h Loss 0.421 Batch acc. 81.250
Epoch 0 Batch 530/584 Time 0.029 h Loss 0.414 Batch acc. 87.500
Epoch 0 Batch 540/584 Time 0.030 h Loss 0.423 Batch acc. 82.812
Epoch 0 Batch 550/584 Time 0.030 h Loss 0.452 Batch acc. 87.500
Epoch 0 Batch 560/584 Time 0.031 h Loss 0.427 Batch acc. 89.062
Epoch 0 Batch 570/584 Time 0.031 h Loss 0.467 Batch acc. 84.375
Epoch 0 Batch 580/584 Time 0.032 h Loss 0.375 Batch acc. 87.500
Evaluating on test set...
/home/julian/anaconda3/envs/synsense/lib/python3.7/site-packages/torch/nn/_reduction.py:42: UserWarning: size_average and reduce args will be deprecated, please use reduction='sum' instead.
  warnings.warn(warning.format(ret))
Test acc. is 77.5391
Epoch 1 Batch 0/584 Time 0.034 h Loss 0.398 Batch acc. 85.938
Epoch 1 Batch 10/584 Time 0.034 h Loss 0.379 Batch acc. 90.625
Epoch 1 Batch 20/584 Time 0.035 h Loss 0.358 Batch acc. 87.500
Epoch 1 Batch 30/584 Time 0.035 h Loss 0.235 Batch acc. 92.188
Epoch 1 Batch 40/584 Time 0.036 h Loss 0.289 Batch acc. 92.188
Epoch 1 Batch 50/584 Time 0.036 h Loss 0.386 Batch acc. 92.188
Epoch 1 Batch 60/584 Time 0.037 h Loss 0.294 Batch acc. 85.938
Epoch 1 Batch 70/584 Time 0.037 h Loss 0.314 Batch acc. 89.062
Epoch 1 Batch 80/584 Time 0.038 h Loss 0.472 Batch acc. 85.938
Epoch 1 Batch 90/584 Time 0.038 h Loss 0.352 Batch acc. 87.500
Epoch 1 Batch 100/584 Time 0.039 h Loss 0.512 Batch acc. 79.688
Epoch 1 Batch 110/584 Time 0.040 h Loss 0.268 Batch acc. 85.938
Epoch 1 Batch 120/584 Time 0.040 h Loss 0.217 Batch acc. 95.312
Epoch 1 Batch 130/584 Time 0.041 h Loss 0.313 Batch acc. 84.375
Epoch 1 Batch 140/584 Time 0.041 h Loss 0.373 Batch acc. 87.500
Epoch 1 Batch 150/584 Time 0.042 h Loss 0.352 Batch acc. 89.062
Epoch 1 Batch 160/584 Time 0.042 h Loss 0.246 Batch acc. 95.312
Epoch 1 Batch 170/584 Time 0.043 h Loss 0.239 Batch acc. 96.875
Epoch 1 Batch 180/584 Time 0.043 h Loss 0.240 Batch acc. 92.188
Epoch 1 Batch 190/584 Time 0.044 h Loss 0.258 Batch acc. 90.625
Epoch 1 Batch 200/584 Time 0.044 h Loss 0.140 Batch acc. 93.750
Epoch 1 Batch 210/584 Time 0.045 h Loss 0.235 Batch acc. 93.750
Epoch 1 Batch 220/584 Time 0.045 h Loss 0.349 Batch acc. 90.625
Epoch 1 Batch 230/584 Time 0.046 h Loss 0.289 Batch acc. 87.500
Epoch 1 Batch 240/584 Time 0.047 h Loss 0.314 Batch acc. 90.625
Epoch 1 Batch 250/584 Time 0.047 h Loss 0.195 Batch acc. 95.312
Epoch 1 Batch 260/584 Time 0.048 h Loss 0.358 Batch acc. 85.938
Epoch 1 Batch 270/584 Time 0.048 h Loss 0.374 Batch acc. 89.062
Epoch 1 Batch 280/584 Time 0.049 h Loss 0.143 Batch acc. 92.188
Epoch 1 Batch 290/584 Time 0.049 h Loss 0.227 Batch acc. 93.750
Epoch 1 Batch 300/584 Time 0.050 h Loss 0.311 Batch acc. 90.625
Epoch 1 Batch 310/584 Time 0.050 h Loss 0.381 Batch acc. 90.625
Epoch 1 Batch 320/584 Time 0.051 h Loss 0.253 Batch acc. 92.188
Epoch 1 Batch 330/584 Time 0.051 h Loss 0.380 Batch acc. 85.938
Epoch 1 Batch 340/584 Time 0.052 h Loss 0.359 Batch acc. 92.188
Epoch 1 Batch 350/584 Time 0.053 h Loss 0.149 Batch acc. 95.312
Epoch 1 Batch 360/584 Time 0.053 h Loss 0.119 Batch acc. 93.750
Epoch 1 Batch 370/584 Time 0.054 h Loss 0.210 Batch acc. 92.188
Epoch 1 Batch 380/584 Time 0.054 h Loss 0.245 Batch acc. 93.750
Epoch 1 Batch 390/584 Time 0.055 h Loss 0.210 Batch acc. 93.750
Epoch 1 Batch 400/584 Time 0.055 h Loss 0.281 Batch acc. 92.188
Epoch 1 Batch 410/584 Time 0.056 h Loss 0.243 Batch acc. 93.750
Epoch 1 Batch 420/584 Time 0.056 h Loss 0.226 Batch acc. 93.750
Epoch 1 Batch 430/584 Time 0.057 h Loss 0.222 Batch acc. 92.188
Epoch 1 Batch 440/584 Time 0.058 h Loss 0.187 Batch acc. 93.750
Epoch 1 Batch 450/584 Time 0.058 h Loss 0.201 Batch acc. 93.750
Epoch 1 Batch 460/584 Time 0.059 h Loss 0.377 Batch acc. 90.625
Epoch 1 Batch 470/584 Time 0.059 h Loss 0.253 Batch acc. 92.188
Epoch 1 Batch 480/584 Time 0.060 h Loss 0.185 Batch acc. 92.188
Epoch 1 Batch 490/584 Time 0.060 h Loss 0.210 Batch acc. 92.188
Epoch 1 Batch 500/584 Time 0.061 h Loss 0.241 Batch acc. 95.312
Epoch 1 Batch 510/584 Time 0.062 h Loss 0.313 Batch acc. 87.500
Epoch 1 Batch 520/584 Time 0.062 h Loss 0.175 Batch acc. 96.875
Epoch 1 Batch 530/584 Time 0.063 h Loss 0.179 Batch acc. 93.750
Epoch 1 Batch 540/584 Time 0.063 h Loss 0.172 Batch acc. 93.750
Epoch 1 Batch 550/584 Time 0.064 h Loss 0.219 Batch acc. 96.875
Epoch 1 Batch 560/584 Time 0.064 h Loss 0.365 Batch acc. 90.625
Epoch 1 Batch 570/584 Time 0.065 h Loss 0.374 Batch acc. 87.500
Epoch 1 Batch 580/584 Time 0.065 h Loss 0.354 Batch acc. 90.625
Evaluating on test set...
Test acc. is 81.1523
Epoch 2 Batch 0/584 Time 0.067 h Loss 0.144 Batch acc. 98.438
Epoch 2 Batch 10/584 Time 0.068 h Loss 0.142 Batch acc. 93.750
Epoch 2 Batch 20/584 Time 0.068 h Loss 0.299 Batch acc. 89.062
Epoch 2 Batch 30/584 Time 0.069 h Loss 0.184 Batch acc. 93.750
Epoch 2 Batch 40/584 Time 0.069 h Loss 0.282 Batch acc. 90.625
Epoch 2 Batch 50/584 Time 0.070 h Loss 0.125 Batch acc. 96.875
Epoch 2 Batch 60/584 Time 0.070 h Loss 0.129 Batch acc. 100.000
Epoch 2 Batch 70/584 Time 0.071 h Loss 0.305 Batch acc. 85.938
Epoch 2 Batch 80/584 Time 0.071 h Loss 0.206 Batch acc. 92.188
Epoch 2 Batch 90/584 Time 0.072 h Loss 0.187 Batch acc. 95.312
Epoch 2 Batch 100/584 Time 0.073 h Loss 0.227 Batch acc. 93.750
Epoch 2 Batch 110/584 Time 0.073 h Loss 0.190 Batch acc. 98.438
Epoch 2 Batch 120/584 Time 0.074 h Loss 0.258 Batch acc. 84.375
Epoch 2 Batch 130/584 Time 0.074 h Loss 0.185 Batch acc. 95.312
Epoch 2 Batch 140/584 Time 0.075 h Loss 0.166 Batch acc. 95.312
Epoch 2 Batch 150/584 Time 0.075 h Loss 0.294 Batch acc. 93.750
Epoch 2 Batch 160/584 Time 0.076 h Loss 0.207 Batch acc. 92.188
Epoch 2 Batch 170/584 Time 0.076 h Loss 0.159 Batch acc. 95.312
Epoch 2 Batch 180/584 Time 0.077 h Loss 0.324 Batch acc. 85.938
Epoch 2 Batch 190/584 Time 0.077 h Loss 0.099 Batch acc. 100.000
Epoch 2 Batch 200/584 Time 0.078 h Loss 0.259 Batch acc. 92.188
Epoch 2 Batch 210/584 Time 0.079 h Loss 0.193 Batch acc. 92.188
Epoch 2 Batch 220/584 Time 0.079 h Loss 0.308 Batch acc. 89.062
Epoch 2 Batch 230/584 Time 0.080 h Loss 0.178 Batch acc. 93.750
Epoch 2 Batch 240/584 Time 0.080 h Loss 0.324 Batch acc. 92.188
Epoch 2 Batch 250/584 Time 0.081 h Loss 0.348 Batch acc. 89.062
Epoch 2 Batch 260/584 Time 0.081 h Loss 0.346 Batch acc. 92.188
Epoch 2 Batch 270/584 Time 0.082 h Loss 0.120 Batch acc. 95.312
Epoch 2 Batch 280/584 Time 0.082 h Loss 0.095 Batch acc. 96.875
Epoch 2 Batch 290/584 Time 0.083 h Loss 0.253 Batch acc. 92.188
Epoch 2 Batch 300/584 Time 0.083 h Loss 0.217 Batch acc. 95.312
Epoch 2 Batch 310/584 Time 0.084 h Loss 0.194 Batch acc. 90.625
Epoch 2 Batch 320/584 Time 0.084 h Loss 0.201 Batch acc. 95.312
Epoch 2 Batch 330/584 Time 0.085 h Loss 0.337 Batch acc. 89.062
Epoch 2 Batch 340/584 Time 0.086 h Loss 0.177 Batch acc. 95.312
Epoch 2 Batch 350/584 Time 0.086 h Loss 0.435 Batch acc. 89.062
Epoch 2 Batch 360/584 Time 0.087 h Loss 0.123 Batch acc. 96.875
Epoch 2 Batch 370/584 Time 0.087 h Loss 0.324 Batch acc. 90.625
Epoch 2 Batch 380/584 Time 0.088 h Loss 0.189 Batch acc. 92.188
Epoch 2 Batch 390/584 Time 0.088 h Loss 0.240 Batch acc. 90.625
Epoch 2 Batch 400/584 Time 0.089 h Loss 0.202 Batch acc. 92.188
Epoch 2 Batch 410/584 Time 0.089 h Loss 0.117 Batch acc. 96.875
Epoch 2 Batch 420/584 Time 0.090 h Loss 0.108 Batch acc. 95.312
Epoch 2 Batch 430/584 Time 0.091 h Loss 0.241 Batch acc. 92.188
Epoch 2 Batch 440/584 Time 0.091 h Loss 0.248 Batch acc. 93.750
Epoch 2 Batch 450/584 Time 0.092 h Loss 0.164 Batch acc. 98.438
Epoch 2 Batch 460/584 Time 0.092 h Loss 0.151 Batch acc. 95.312
Epoch 2 Batch 470/584 Time 0.093 h Loss 0.123 Batch acc. 96.875
Epoch 2 Batch 480/584 Time 0.093 h Loss 0.201 Batch acc. 95.312
Epoch 2 Batch 490/584 Time 0.094 h Loss 0.330 Batch acc. 92.188
Epoch 2 Batch 500/584 Time 0.094 h Loss 0.182 Batch acc. 95.312
Epoch 2 Batch 510/584 Time 0.095 h Loss 0.138 Batch acc. 96.875
Epoch 2 Batch 520/584 Time 0.096 h Loss 0.179 Batch acc. 92.188
Epoch 2 Batch 530/584 Time 0.096 h Loss 0.174 Batch acc. 95.312
Epoch 2 Batch 540/584 Time 0.097 h Loss 0.095 Batch acc. 98.438
Epoch 2 Batch 550/584 Time 0.097 h Loss 0.086 Batch acc. 100.000
Epoch 2 Batch 560/584 Time 0.098 h Loss 0.340 Batch acc. 96.875
Epoch 2 Batch 570/584 Time 0.098 h Loss 0.195 Batch acc. 90.625
Epoch 2 Batch 580/584 Time 0.099 h Loss 0.175 Batch acc. 93.750
Evaluating on test set...
Test acc. is 82.5195
Epoch 3 Batch 0/584 Time 0.100 h Loss 0.141 Batch acc. 95.312
Epoch 3 Batch 10/584 Time 0.101 h Loss 0.114 Batch acc. 96.875
Epoch 3 Batch 20/584 Time 0.102 h Loss 0.183 Batch acc. 96.875
Epoch 3 Batch 30/584 Time 0.102 h Loss 0.223 Batch acc. 93.750
Epoch 3 Batch 40/584 Time 0.103 h Loss 0.167 Batch acc. 95.312
Epoch 3 Batch 50/584 Time 0.103 h Loss 0.202 Batch acc. 93.750
Epoch 3 Batch 60/584 Time 0.104 h Loss 0.093 Batch acc. 93.750
Epoch 3 Batch 70/584 Time 0.104 h Loss 0.119 Batch acc. 95.312
Epoch 3 Batch 80/584 Time 0.105 h Loss 0.185 Batch acc. 95.312
Epoch 3 Batch 90/584 Time 0.105 h Loss 0.079 Batch acc. 100.000
Epoch 3 Batch 100/584 Time 0.106 h Loss 0.121 Batch acc. 98.438
Epoch 3 Batch 110/584 Time 0.106 h Loss 0.212 Batch acc. 90.625
Epoch 3 Batch 120/584 Time 0.107 h Loss 0.219 Batch acc. 93.750
Epoch 3 Batch 130/584 Time 0.108 h Loss 0.153 Batch acc. 96.875
Epoch 3 Batch 140/584 Time 0.108 h Loss 0.109 Batch acc. 96.875
Epoch 3 Batch 150/584 Time 0.109 h Loss 0.206 Batch acc. 95.312
Epoch 3 Batch 160/584 Time 0.109 h Loss 0.094 Batch acc. 98.438
Epoch 3 Batch 170/584 Time 0.110 h Loss 0.111 Batch acc. 96.875
Epoch 3 Batch 180/584 Time 0.110 h Loss 0.126 Batch acc. 93.750
Epoch 3 Batch 190/584 Time 0.111 h Loss 0.150 Batch acc. 96.875
Epoch 3 Batch 200/584 Time 0.111 h Loss 0.201 Batch acc. 93.750
Epoch 3 Batch 210/584 Time 0.112 h Loss 0.076 Batch acc. 100.000
Epoch 3 Batch 220/584 Time 0.113 h Loss 0.410 Batch acc. 87.500
Epoch 3 Batch 230/584 Time 0.113 h Loss 0.138 Batch acc. 93.750
Epoch 3 Batch 240/584 Time 0.114 h Loss 0.072 Batch acc. 100.000
Epoch 3 Batch 250/584 Time 0.114 h Loss 0.379 Batch acc. 92.188
Epoch 3 Batch 260/584 Time 0.115 h Loss 0.078 Batch acc. 96.875
Epoch 3 Batch 270/584 Time 0.115 h Loss 0.120 Batch acc. 93.750
Epoch 3 Batch 280/584 Time 0.116 h Loss 0.119 Batch acc. 100.000
Epoch 3 Batch 290/584 Time 0.116 h Loss 0.115 Batch acc. 95.312
Epoch 3 Batch 300/584 Time 0.117 h Loss 0.446 Batch acc. 92.188
Epoch 3 Batch 310/584 Time 0.118 h Loss 0.180 Batch acc. 98.438
Epoch 3 Batch 320/584 Time 0.118 h Loss 0.136 Batch acc. 93.750
Epoch 3 Batch 330/584 Time 0.119 h Loss 0.229 Batch acc. 92.188
Epoch 3 Batch 340/584 Time 0.119 h Loss 0.143 Batch acc. 95.312
Epoch 3 Batch 350/584 Time 0.120 h Loss 0.076 Batch acc. 96.875
Epoch 3 Batch 360/584 Time 0.120 h Loss 0.158 Batch acc. 96.875
Epoch 3 Batch 370/584 Time 0.121 h Loss 0.188 Batch acc. 89.062
Epoch 3 Batch 380/584 Time 0.121 h Loss 0.160 Batch acc. 95.312
Epoch 3 Batch 390/584 Time 0.122 h Loss 0.079 Batch acc. 96.875
Epoch 3 Batch 400/584 Time 0.123 h Loss 0.120 Batch acc. 96.875
Epoch 3 Batch 410/584 Time 0.123 h Loss 0.206 Batch acc. 93.750
Epoch 3 Batch 420/584 Time 0.124 h Loss 0.266 Batch acc. 93.750
Epoch 3 Batch 430/584 Time 0.124 h Loss 0.128 Batch acc. 96.875
Epoch 3 Batch 440/584 Time 0.125 h Loss 0.072 Batch acc. 93.750
Epoch 3 Batch 450/584 Time 0.125 h Loss 0.188 Batch acc. 96.875
Epoch 3 Batch 460/584 Time 0.126 h Loss 0.180 Batch acc. 93.750
Epoch 3 Batch 470/584 Time 0.126 h Loss 0.133 Batch acc. 96.875
Epoch 3 Batch 480/584 Time 0.127 h Loss 0.245 Batch acc. 93.750
Epoch 3 Batch 490/584 Time 0.128 h Loss 0.269 Batch acc. 95.312
Epoch 3 Batch 500/584 Time 0.128 h Loss 0.260 Batch acc. 98.438
Epoch 3 Batch 510/584 Time 0.129 h Loss 0.165 Batch acc. 98.438
Epoch 3 Batch 520/584 Time 0.129 h Loss 0.094 Batch acc. 98.438
Epoch 3 Batch 530/584 Time 0.130 h Loss 0.180 Batch acc. 96.875
Epoch 3 Batch 540/584 Time 0.130 h Loss 0.167 Batch acc. 95.312
Epoch 3 Batch 550/584 Time 0.131 h Loss 0.233 Batch acc. 96.875
Epoch 3 Batch 560/584 Time 0.131 h Loss 0.125 Batch acc. 92.188
Epoch 3 Batch 570/584 Time 0.132 h Loss 0.085 Batch acc. 95.312
Epoch 3 Batch 580/584 Time 0.133 h Loss 0.116 Batch acc. 96.875
Evaluating on test set...
Test acc. is 82.9102
Epoch 4 Batch 0/584 Time 0.134 h Loss 0.114 Batch acc. 98.438
Epoch 4 Batch 10/584 Time 0.135 h Loss 0.091 Batch acc. 98.438
Epoch 4 Batch 20/584 Time 0.135 h Loss 0.196 Batch acc. 93.750
Epoch 4 Batch 30/584 Time 0.136 h Loss 0.046 Batch acc. 100.000
Epoch 4 Batch 40/584 Time 0.136 h Loss 0.161 Batch acc. 93.750
Epoch 4 Batch 50/584 Time 0.137 h Loss 0.083 Batch acc. 96.875
Epoch 4 Batch 60/584 Time 0.137 h Loss 0.205 Batch acc. 93.750
Epoch 4 Batch 70/584 Time 0.138 h Loss 0.080 Batch acc. 96.875
Epoch 4 Batch 80/584 Time 0.139 h Loss 0.169 Batch acc. 96.875
Epoch 4 Batch 90/584 Time 0.139 h Loss 0.129 Batch acc. 95.312
Epoch 4 Batch 100/584 Time 0.140 h Loss 0.118 Batch acc. 100.000
Epoch 4 Batch 110/584 Time 0.140 h Loss 0.096 Batch acc. 96.875
Epoch 4 Batch 120/584 Time 0.141 h Loss 0.244 Batch acc. 96.875
Epoch 4 Batch 130/584 Time 0.141 h Loss 0.115 Batch acc. 96.875
Epoch 4 Batch 140/584 Time 0.142 h Loss 0.067 Batch acc. 93.750
Epoch 4 Batch 150/584 Time 0.142 h Loss 0.278 Batch acc. 89.062
Epoch 4 Batch 160/584 Time 0.143 h Loss 0.171 Batch acc. 95.312
Epoch 4 Batch 170/584 Time 0.144 h Loss 0.126 Batch acc. 96.875
Epoch 4 Batch 180/584 Time 0.144 h Loss 0.075 Batch acc. 96.875
Epoch 4 Batch 190/584 Time 0.145 h Loss 0.035 Batch acc. 100.000
Epoch 4 Batch 200/584 Time 0.145 h Loss 0.108 Batch acc. 95.312
Epoch 4 Batch 210/584 Time 0.146 h Loss 0.092 Batch acc. 100.000
Epoch 4 Batch 220/584 Time 0.146 h Loss 0.029 Batch acc. 98.438
Epoch 4 Batch 230/584 Time 0.147 h Loss 0.098 Batch acc. 95.312
Epoch 4 Batch 240/584 Time 0.147 h Loss 0.074 Batch acc. 98.438
Epoch 4 Batch 250/584 Time 0.148 h Loss 0.088 Batch acc. 98.438
Epoch 4 Batch 260/584 Time 0.149 h Loss 0.049 Batch acc. 100.000
Epoch 4 Batch 270/584 Time 0.149 h Loss 0.070 Batch acc. 95.312
Epoch 4 Batch 280/584 Time 0.150 h Loss 0.148 Batch acc. 98.438
Epoch 4 Batch 290/584 Time 0.150 h Loss 0.123 Batch acc. 95.312
Epoch 4 Batch 300/584 Time 0.151 h Loss 0.118 Batch acc. 95.312
Epoch 4 Batch 310/584 Time 0.151 h Loss 0.113 Batch acc. 96.875
Epoch 4 Batch 320/584 Time 0.152 h Loss 0.087 Batch acc. 98.438
Epoch 4 Batch 330/584 Time 0.152 h Loss 0.084 Batch acc. 98.438
Epoch 4 Batch 340/584 Time 0.153 h Loss 0.167 Batch acc. 96.875
Epoch 4 Batch 350/584 Time 0.154 h Loss 0.101 Batch acc. 98.438
Epoch 4 Batch 360/584 Time 0.154 h Loss 0.187 Batch acc. 95.312
Epoch 4 Batch 370/584 Time 0.155 h Loss 0.165 Batch acc. 95.312
Epoch 4 Batch 380/584 Time 0.155 h Loss 0.235 Batch acc. 95.312
Epoch 4 Batch 390/584 Time 0.156 h Loss 0.129 Batch acc. 93.750
Epoch 4 Batch 400/584 Time 0.156 h Loss 0.071 Batch acc. 96.875
Epoch 4 Batch 410/584 Time 0.157 h Loss 0.133 Batch acc. 96.875
Epoch 4 Batch 420/584 Time 0.157 h Loss 0.127 Batch acc. 93.750
Epoch 4 Batch 430/584 Time 0.158 h Loss 0.209 Batch acc. 89.062
Epoch 4 Batch 440/584 Time 0.158 h Loss 0.095 Batch acc. 96.875
Epoch 4 Batch 450/584 Time 0.159 h Loss 0.238 Batch acc. 96.875
Epoch 4 Batch 460/584 Time 0.160 h Loss 0.045 Batch acc. 100.000
Epoch 4 Batch 470/584 Time 0.160 h Loss 0.060 Batch acc. 100.000
Epoch 4 Batch 480/584 Time 0.161 h Loss 0.149 Batch acc. 98.438
Epoch 4 Batch 490/584 Time 0.161 h Loss 0.070 Batch acc. 96.875
Epoch 4 Batch 500/584 Time 0.162 h Loss 0.054 Batch acc. 98.438
Epoch 4 Batch 510/584 Time 0.162 h Loss 0.060 Batch acc. 98.438
Epoch 4 Batch 520/584 Time 0.163 h Loss 0.142 Batch acc. 96.875
Epoch 4 Batch 530/584 Time 0.163 h Loss 0.014 Batch acc. 100.000
Epoch 4 Batch 540/584 Time 0.164 h Loss 0.087 Batch acc. 95.312
Epoch 4 Batch 550/584 Time 0.165 h Loss 0.122 Batch acc. 96.875
Epoch 4 Batch 560/584 Time 0.165 h Loss 0.127 Batch acc. 96.875
Epoch 4 Batch 570/584 Time 0.166 h Loss 0.120 Batch acc. 95.312
Epoch 4 Batch 580/584 Time 0.166 h Loss 0.174 Batch acc. 93.750
Evaluating on test set...
Test acc. is 83.0078
Epoch 5 Batch 0/584 Time 0.168 h Loss 0.124 Batch acc. 93.750
Epoch 5 Batch 10/584 Time 0.168 h Loss 0.121 Batch acc. 96.875
Epoch 5 Batch 20/584 Time 0.169 h Loss 0.166 Batch acc. 96.875
Epoch 5 Batch 30/584 Time 0.169 h Loss 0.119 Batch acc. 98.438
Epoch 5 Batch 40/584 Time 0.170 h Loss 0.177 Batch acc. 95.312
Epoch 5 Batch 50/584 Time 0.171 h Loss 0.081 Batch acc. 100.000
Epoch 5 Batch 60/584 Time 0.171 h Loss 0.077 Batch acc. 98.438
Epoch 5 Batch 70/584 Time 0.172 h Loss 0.112 Batch acc. 95.312
Epoch 5 Batch 80/584 Time 0.172 h Loss 0.098 Batch acc. 95.312
Epoch 5 Batch 90/584 Time 0.173 h Loss 0.104 Batch acc. 95.312
Epoch 5 Batch 100/584 Time 0.173 h Loss 0.050 Batch acc. 96.875
Epoch 5 Batch 110/584 Time 0.174 h Loss 0.160 Batch acc. 95.312
Epoch 5 Batch 120/584 Time 0.175 h Loss 0.106 Batch acc. 96.875
Epoch 5 Batch 130/584 Time 0.175 h Loss 0.132 Batch acc. 96.875
Epoch 5 Batch 140/584 Time 0.176 h Loss 0.128 Batch acc. 98.438
Epoch 5 Batch 150/584 Time 0.176 h Loss 0.137 Batch acc. 95.312
Epoch 5 Batch 160/584 Time 0.177 h Loss 0.074 Batch acc. 98.438
Epoch 5 Batch 170/584 Time 0.177 h Loss 0.118 Batch acc. 96.875
Epoch 5 Batch 180/584 Time 0.178 h Loss 0.031 Batch acc. 100.000
Epoch 5 Batch 190/584 Time 0.178 h Loss 0.082 Batch acc. 96.875
Epoch 5 Batch 200/584 Time 0.179 h Loss 0.136 Batch acc. 96.875
Epoch 5 Batch 210/584 Time 0.179 h Loss 0.156 Batch acc. 96.875
Epoch 5 Batch 220/584 Time 0.180 h Loss 0.144 Batch acc. 96.875
Epoch 5 Batch 230/584 Time 0.181 h Loss 0.050 Batch acc. 98.438
Epoch 5 Batch 240/584 Time 0.181 h Loss 0.106 Batch acc. 95.312
Epoch 5 Batch 250/584 Time 0.182 h Loss 0.164 Batch acc. 92.188
Epoch 5 Batch 260/584 Time 0.182 h Loss 0.074 Batch acc. 98.438
Epoch 5 Batch 270/584 Time 0.183 h Loss 0.064 Batch acc. 96.875
Epoch 5 Batch 280/584 Time 0.183 h Loss 0.085 Batch acc. 96.875
Epoch 5 Batch 290/584 Time 0.184 h Loss 0.018 Batch acc. 100.000
Epoch 5 Batch 300/584 Time 0.184 h Loss 0.235 Batch acc. 93.750
Epoch 5 Batch 310/584 Time 0.185 h Loss 0.097 Batch acc. 93.750
Epoch 5 Batch 320/584 Time 0.186 h Loss 0.016 Batch acc. 98.438
Epoch 5 Batch 330/584 Time 0.186 h Loss 0.094 Batch acc. 98.438
Epoch 5 Batch 340/584 Time 0.187 h Loss 0.130 Batch acc. 96.875
Epoch 5 Batch 350/584 Time 0.187 h Loss 0.110 Batch acc. 98.438
Epoch 5 Batch 360/584 Time 0.188 h Loss 0.062 Batch acc. 98.438
Epoch 5 Batch 370/584 Time 0.188 h Loss 0.029 Batch acc. 98.438
Epoch 5 Batch 380/584 Time 0.189 h Loss 0.143 Batch acc. 95.312
Epoch 5 Batch 390/584 Time 0.189 h Loss 0.049 Batch acc. 96.875
Epoch 5 Batch 400/584 Time 0.190 h Loss 0.105 Batch acc. 98.438
Epoch 5 Batch 410/584 Time 0.190 h Loss 0.139 Batch acc. 95.312
Epoch 5 Batch 420/584 Time 0.191 h Loss 0.127 Batch acc. 96.875
Epoch 5 Batch 430/584 Time 0.192 h Loss 0.128 Batch acc. 98.438
Epoch 5 Batch 440/584 Time 0.192 h Loss 0.182 Batch acc. 95.312
Epoch 5 Batch 450/584 Time 0.193 h Loss 0.076 Batch acc. 98.438
Epoch 5 Batch 460/584 Time 0.193 h Loss 0.132 Batch acc. 93.750
Epoch 5 Batch 470/584 Time 0.194 h Loss 0.085 Batch acc. 98.438
Epoch 5 Batch 480/584 Time 0.194 h Loss 0.088 Batch acc. 98.438
Epoch 5 Batch 490/584 Time 0.195 h Loss 0.079 Batch acc. 98.438
Epoch 5 Batch 500/584 Time 0.195 h Loss 0.187 Batch acc. 95.312
Epoch 5 Batch 510/584 Time 0.196 h Loss 0.076 Batch acc. 98.438
Epoch 5 Batch 520/584 Time 0.197 h Loss 0.050 Batch acc. 98.438
Epoch 5 Batch 530/584 Time 0.197 h Loss 0.087 Batch acc. 95.312
Epoch 5 Batch 540/584 Time 0.198 h Loss 0.037 Batch acc. 98.438
Epoch 5 Batch 550/584 Time 0.198 h Loss 0.157 Batch acc. 96.875
Epoch 5 Batch 560/584 Time 0.199 h Loss 0.121 Batch acc. 96.875
Epoch 5 Batch 570/584 Time 0.199 h Loss 0.174 Batch acc. 93.750
Epoch 5 Batch 580/584 Time 0.200 h Loss 0.085 Batch acc. 96.875
Evaluating on test set...
Test acc. is 82.8125
Epoch 6 Batch 0/584 Time 0.201 h Loss 0.099 Batch acc. 98.438
Epoch 6 Batch 10/584 Time 0.202 h Loss 0.031 Batch acc. 100.000
Epoch 6 Batch 20/584 Time 0.203 h Loss 0.011 Batch acc. 100.000
Epoch 6 Batch 30/584 Time 0.203 h Loss 0.030 Batch acc. 100.000
Epoch 6 Batch 40/584 Time 0.204 h Loss 0.104 Batch acc. 96.875
Epoch 6 Batch 50/584 Time 0.204 h Loss 0.161 Batch acc. 96.875
Epoch 6 Batch 60/584 Time 0.205 h Loss 0.076 Batch acc. 98.438
Epoch 6 Batch 70/584 Time 0.205 h Loss 0.171 Batch acc. 96.875
Epoch 6 Batch 80/584 Time 0.206 h Loss 0.078 Batch acc. 93.750
Epoch 6 Batch 90/584 Time 0.206 h Loss 0.154 Batch acc. 95.312
Epoch 6 Batch 100/584 Time 0.207 h Loss 0.093 Batch acc. 96.875
Epoch 6 Batch 110/584 Time 0.207 h Loss 0.093 Batch acc. 95.312
Epoch 6 Batch 120/584 Time 0.208 h Loss 0.224 Batch acc. 96.875
Epoch 6 Batch 130/584 Time 0.208 h Loss 0.075 Batch acc. 96.875
Epoch 6 Batch 140/584 Time 0.209 h Loss 0.108 Batch acc. 96.875
Epoch 6 Batch 150/584 Time 0.210 h Loss 0.103 Batch acc. 96.875
Epoch 6 Batch 160/584 Time 0.210 h Loss 0.080 Batch acc. 98.438
Epoch 6 Batch 170/584 Time 0.211 h Loss 0.115 Batch acc. 98.438
Epoch 6 Batch 180/584 Time 0.211 h Loss 0.228 Batch acc. 98.438
Epoch 6 Batch 190/584 Time 0.212 h Loss 0.070 Batch acc. 100.000
Epoch 6 Batch 200/584 Time 0.212 h Loss 0.072 Batch acc. 96.875
Epoch 6 Batch 210/584 Time 0.213 h Loss 0.098 Batch acc. 96.875
Epoch 6 Batch 220/584 Time 0.213 h Loss 0.114 Batch acc. 96.875
Epoch 6 Batch 230/584 Time 0.214 h Loss 0.073 Batch acc. 100.000
Epoch 6 Batch 240/584 Time 0.215 h Loss 0.109 Batch acc. 98.438
Epoch 6 Batch 250/584 Time 0.215 h Loss 0.161 Batch acc. 96.875
Epoch 6 Batch 260/584 Time 0.216 h Loss 0.040 Batch acc. 100.000
Epoch 6 Batch 270/584 Time 0.216 h Loss 0.204 Batch acc. 95.312
Epoch 6 Batch 280/584 Time 0.217 h Loss 0.036 Batch acc. 100.000
Epoch 6 Batch 290/584 Time 0.217 h Loss 0.305 Batch acc. 93.750
Epoch 6 Batch 300/584 Time 0.218 h Loss 0.065 Batch acc. 98.438
Epoch 6 Batch 310/584 Time 0.218 h Loss 0.134 Batch acc. 95.312
Epoch 6 Batch 320/584 Time 0.219 h Loss 0.142 Batch acc. 95.312
Epoch 6 Batch 330/584 Time 0.220 h Loss 0.103 Batch acc. 98.438
Epoch 6 Batch 340/584 Time 0.220 h Loss 0.110 Batch acc. 96.875
Epoch 6 Batch 350/584 Time 0.221 h Loss 0.107 Batch acc. 96.875
Epoch 6 Batch 360/584 Time 0.221 h Loss 0.051 Batch acc. 98.438
Epoch 6 Batch 370/584 Time 0.222 h Loss 0.095 Batch acc. 96.875
Epoch 6 Batch 380/584 Time 0.222 h Loss 0.026 Batch acc. 98.438
Epoch 6 Batch 390/584 Time 0.223 h Loss 0.090 Batch acc. 90.625
Epoch 6 Batch 400/584 Time 0.223 h Loss 0.099 Batch acc. 96.875
Epoch 6 Batch 410/584 Time 0.224 h Loss 0.106 Batch acc. 96.875
Epoch 6 Batch 420/584 Time 0.224 h Loss 0.075 Batch acc. 96.875
Epoch 6 Batch 430/584 Time 0.225 h Loss 0.106 Batch acc. 95.312
Epoch 6 Batch 440/584 Time 0.226 h Loss 0.083 Batch acc. 96.875
Epoch 6 Batch 450/584 Time 0.226 h Loss 0.088 Batch acc. 98.438
Epoch 6 Batch 460/584 Time 0.227 h Loss 0.100 Batch acc. 96.875
Epoch 6 Batch 470/584 Time 0.227 h Loss 0.029 Batch acc. 100.000
Epoch 6 Batch 480/584 Time 0.228 h Loss 0.102 Batch acc. 98.438
Epoch 6 Batch 490/584 Time 0.228 h Loss 0.030 Batch acc. 100.000
Epoch 6 Batch 500/584 Time 0.229 h Loss 0.073 Batch acc. 96.875
Epoch 6 Batch 510/584 Time 0.229 h Loss 0.078 Batch acc. 100.000
Epoch 6 Batch 520/584 Time 0.230 h Loss 0.013 Batch acc. 100.000
Epoch 6 Batch 530/584 Time 0.231 h Loss 0.046 Batch acc. 100.000
Epoch 6 Batch 540/584 Time 0.231 h Loss 0.045 Batch acc. 98.438
Epoch 6 Batch 550/584 Time 0.232 h Loss 0.168 Batch acc. 98.438
Epoch 6 Batch 560/584 Time 0.232 h Loss 0.420 Batch acc. 92.188
Epoch 6 Batch 570/584 Time 0.233 h Loss 0.084 Batch acc. 95.312
Epoch 6 Batch 580/584 Time 0.233 h Loss 0.019 Batch acc. 100.000
Evaluating on test set...
Test acc. is 83.8867
Epoch 7 Batch 0/584 Time 0.235 h Loss 0.210 Batch acc. 96.875
Epoch 7 Batch 10/584 Time 0.235 h Loss 0.118 Batch acc. 96.875
Epoch 7 Batch 20/584 Time 0.236 h Loss 0.048 Batch acc. 98.438
Epoch 7 Batch 30/584 Time 0.237 h Loss 0.088 Batch acc. 98.438
Epoch 7 Batch 40/584 Time 0.237 h Loss 0.087 Batch acc. 96.875
Epoch 7 Batch 50/584 Time 0.238 h Loss 0.137 Batch acc. 90.625
Epoch 7 Batch 60/584 Time 0.238 h Loss 0.057 Batch acc. 98.438
Epoch 7 Batch 70/584 Time 0.239 h Loss 0.069 Batch acc. 98.438
Epoch 7 Batch 80/584 Time 0.239 h Loss 0.122 Batch acc. 95.312
Epoch 7 Batch 90/584 Time 0.240 h Loss 0.126 Batch acc. 95.312
Epoch 7 Batch 100/584 Time 0.241 h Loss 0.052 Batch acc. 98.438
Epoch 7 Batch 110/584 Time 0.241 h Loss 0.070 Batch acc. 98.438
Epoch 7 Batch 120/584 Time 0.242 h Loss 0.128 Batch acc. 95.312
Epoch 7 Batch 130/584 Time 0.242 h Loss 0.131 Batch acc. 93.750
Epoch 7 Batch 140/584 Time 0.243 h Loss 0.053 Batch acc. 100.000
Epoch 7 Batch 150/584 Time 0.243 h Loss 0.077 Batch acc. 98.438
Epoch 7 Batch 160/584 Time 0.244 h Loss 0.092 Batch acc. 95.312
Epoch 7 Batch 170/584 Time 0.244 h Loss 0.146 Batch acc. 96.875
Epoch 7 Batch 180/584 Time 0.245 h Loss 0.024 Batch acc. 100.000
Epoch 7 Batch 190/584 Time 0.245 h Loss 0.153 Batch acc. 95.312
Epoch 7 Batch 200/584 Time 0.246 h Loss 0.045 Batch acc. 98.438
Epoch 7 Batch 210/584 Time 0.246 h Loss 0.019 Batch acc. 100.000
Epoch 7 Batch 220/584 Time 0.247 h Loss 0.170 Batch acc. 93.750
Epoch 7 Batch 230/584 Time 0.248 h Loss 0.057 Batch acc. 98.438
Epoch 7 Batch 240/584 Time 0.248 h Loss 0.067 Batch acc. 96.875
Epoch 7 Batch 250/584 Time 0.249 h Loss 0.170 Batch acc. 98.438
Epoch 7 Batch 260/584 Time 0.249 h Loss 0.089 Batch acc. 98.438
Epoch 7 Batch 270/584 Time 0.250 h Loss 0.209 Batch acc. 96.875
Epoch 7 Batch 280/584 Time 0.250 h Loss 0.096 Batch acc. 98.438
Epoch 7 Batch 290/584 Time 0.251 h Loss 0.065 Batch acc. 98.438
Epoch 7 Batch 300/584 Time 0.251 h Loss 0.091 Batch acc. 98.438
Epoch 7 Batch 310/584 Time 0.252 h Loss 0.132 Batch acc. 96.875
Epoch 7 Batch 320/584 Time 0.253 h Loss 0.117 Batch acc. 95.312
Epoch 7 Batch 330/584 Time 0.253 h Loss 0.159 Batch acc. 95.312
Epoch 7 Batch 340/584 Time 0.254 h Loss 0.077 Batch acc. 96.875
Epoch 7 Batch 350/584 Time 0.254 h Loss 0.066 Batch acc. 93.750
Epoch 7 Batch 360/584 Time 0.255 h Loss 0.058 Batch acc. 100.000
Epoch 7 Batch 370/584 Time 0.255 h Loss 0.157 Batch acc. 93.750
Epoch 7 Batch 380/584 Time 0.256 h Loss 0.141 Batch acc. 93.750
Epoch 7 Batch 390/584 Time 0.256 h Loss 0.089 Batch acc. 93.750
Epoch 7 Batch 400/584 Time 0.257 h Loss 0.126 Batch acc. 95.312
Epoch 7 Batch 410/584 Time 0.257 h Loss 0.024 Batch acc. 100.000
Epoch 7 Batch 420/584 Time 0.258 h Loss 0.061 Batch acc. 98.438
Epoch 7 Batch 430/584 Time 0.259 h Loss 0.059 Batch acc. 98.438
Epoch 7 Batch 440/584 Time 0.259 h Loss 0.119 Batch acc. 96.875
Epoch 7 Batch 450/584 Time 0.260 h Loss 0.177 Batch acc. 98.438
Epoch 7 Batch 460/584 Time 0.260 h Loss 0.110 Batch acc. 95.312
Epoch 7 Batch 470/584 Time 0.261 h Loss 0.138 Batch acc. 96.875
Epoch 7 Batch 480/584 Time 0.261 h Loss 0.025 Batch acc. 100.000
Epoch 7 Batch 490/584 Time 0.262 h Loss 0.069 Batch acc. 96.875
Epoch 7 Batch 500/584 Time 0.262 h Loss 0.146 Batch acc. 96.875
Epoch 7 Batch 510/584 Time 0.263 h Loss 0.068 Batch acc. 98.438
Epoch 7 Batch 520/584 Time 0.263 h Loss 0.034 Batch acc. 98.438
Epoch 7 Batch 530/584 Time 0.264 h Loss 0.015 Batch acc. 100.000
Epoch 7 Batch 540/584 Time 0.265 h Loss 0.137 Batch acc. 98.438
Epoch 7 Batch 550/584 Time 0.265 h Loss 0.018 Batch acc. 100.000
Epoch 7 Batch 560/584 Time 0.266 h Loss 0.084 Batch acc. 96.875
Epoch 7 Batch 570/584 Time 0.266 h Loss 0.128 Batch acc. 96.875
Epoch 7 Batch 580/584 Time 0.267 h Loss 0.087 Batch acc. 98.438
Evaluating on test set...
Test acc. is 84.2773
Epoch 8 Batch 0/584 Time 0.268 h Loss 0.074 Batch acc. 98.438
Epoch 8 Batch 10/584 Time 0.269 h Loss 0.086 Batch acc. 93.750
Epoch 8 Batch 20/584 Time 0.269 h Loss 0.056 Batch acc. 98.438
Epoch 8 Batch 30/584 Time 0.270 h Loss 0.078 Batch acc. 100.000
Epoch 8 Batch 40/584 Time 0.271 h Loss 0.034 Batch acc. 98.438
Epoch 8 Batch 50/584 Time 0.271 h Loss 0.028 Batch acc. 98.438
Epoch 8 Batch 60/584 Time 0.272 h Loss 0.032 Batch acc. 100.000
Epoch 8 Batch 70/584 Time 0.272 h Loss 0.091 Batch acc. 98.438
Epoch 8 Batch 80/584 Time 0.273 h Loss 0.027 Batch acc. 100.000
Epoch 8 Batch 90/584 Time 0.273 h Loss 0.148 Batch acc. 92.188
Epoch 8 Batch 100/584 Time 0.274 h Loss 0.021 Batch acc. 96.875
Epoch 8 Batch 110/584 Time 0.274 h Loss 0.033 Batch acc. 98.438
Epoch 8 Batch 120/584 Time 0.275 h Loss 0.117 Batch acc. 96.875
Epoch 8 Batch 130/584 Time 0.276 h Loss 0.034 Batch acc. 96.875
Epoch 8 Batch 140/584 Time 0.276 h Loss 0.087 Batch acc. 98.438
Epoch 8 Batch 150/584 Time 0.277 h Loss 0.105 Batch acc. 98.438
Epoch 8 Batch 160/584 Time 0.277 h Loss 0.101 Batch acc. 96.875
Epoch 8 Batch 170/584 Time 0.278 h Loss 0.080 Batch acc. 98.438
Epoch 8 Batch 180/584 Time 0.278 h Loss 0.015 Batch acc. 98.438
Epoch 8 Batch 190/584 Time 0.279 h Loss 0.016 Batch acc. 100.000
Epoch 8 Batch 200/584 Time 0.279 h Loss 0.024 Batch acc. 98.438
Epoch 8 Batch 210/584 Time 0.280 h Loss 0.139 Batch acc. 95.312
Epoch 8 Batch 220/584 Time 0.280 h Loss 0.101 Batch acc. 98.438
Epoch 8 Batch 230/584 Time 0.281 h Loss 0.101 Batch acc. 95.312
Epoch 8 Batch 240/584 Time 0.282 h Loss 0.051 Batch acc. 100.000
Epoch 8 Batch 250/584 Time 0.282 h Loss 0.102 Batch acc. 100.000
Epoch 8 Batch 260/584 Time 0.283 h Loss 0.187 Batch acc. 96.875
Epoch 8 Batch 270/584 Time 0.283 h Loss 0.024 Batch acc. 100.000
Epoch 8 Batch 280/584 Time 0.284 h Loss 0.072 Batch acc. 98.438
Epoch 8 Batch 290/584 Time 0.284 h Loss 0.011 Batch acc. 100.000
Epoch 8 Batch 300/584 Time 0.285 h Loss 0.045 Batch acc. 98.438
Epoch 8 Batch 310/584 Time 0.286 h Loss 0.008 Batch acc. 100.000
Epoch 8 Batch 320/584 Time 0.286 h Loss 0.065 Batch acc. 98.438
Epoch 8 Batch 330/584 Time 0.287 h Loss 0.221 Batch acc. 98.438
Epoch 8 Batch 340/584 Time 0.287 h Loss 0.206 Batch acc. 93.750
Epoch 8 Batch 350/584 Time 0.288 h Loss 0.066 Batch acc. 98.438
Epoch 8 Batch 360/584 Time 0.288 h Loss 0.040 Batch acc. 98.438
Epoch 8 Batch 370/584 Time 0.289 h Loss 0.191 Batch acc. 93.750
Epoch 8 Batch 380/584 Time 0.289 h Loss 0.078 Batch acc. 98.438
Epoch 8 Batch 390/584 Time 0.290 h Loss 0.129 Batch acc. 100.000
Epoch 8 Batch 400/584 Time 0.290 h Loss 0.020 Batch acc. 100.000
Epoch 8 Batch 410/584 Time 0.291 h Loss 0.153 Batch acc. 96.875
Epoch 8 Batch 420/584 Time 0.292 h Loss 0.059 Batch acc. 100.000
Epoch 8 Batch 430/584 Time 0.292 h Loss 0.119 Batch acc. 96.875
Epoch 8 Batch 440/584 Time 0.293 h Loss 0.076 Batch acc. 100.000
Epoch 8 Batch 450/584 Time 0.293 h Loss 0.086 Batch acc. 98.438
Epoch 8 Batch 460/584 Time 0.294 h Loss 0.024 Batch acc. 100.000
Epoch 8 Batch 470/584 Time 0.294 h Loss 0.091 Batch acc. 100.000
Epoch 8 Batch 480/584 Time 0.295 h Loss 0.115 Batch acc. 100.000
Epoch 8 Batch 490/584 Time 0.295 h Loss 0.022 Batch acc. 100.000
Epoch 8 Batch 500/584 Time 0.296 h Loss 0.141 Batch acc. 96.875
Epoch 8 Batch 510/584 Time 0.297 h Loss 0.132 Batch acc. 95.312
Epoch 8 Batch 520/584 Time 0.297 h Loss 0.037 Batch acc. 96.875
Epoch 8 Batch 530/584 Time 0.298 h Loss 0.090 Batch acc. 98.438
Epoch 8 Batch 540/584 Time 0.298 h Loss 0.013 Batch acc. 100.000
Epoch 8 Batch 550/584 Time 0.299 h Loss 0.084 Batch acc. 98.438
Epoch 8 Batch 560/584 Time 0.299 h Loss 0.045 Batch acc. 100.000
Epoch 8 Batch 570/584 Time 0.300 h Loss 0.116 Batch acc. 93.750
Epoch 8 Batch 580/584 Time 0.300 h Loss 0.135 Batch acc. 96.875
Evaluating on test set...
Test acc. is 84.0820
Epoch 9 Batch 0/584 Time 0.302 h Loss 0.048 Batch acc. 100.000
Epoch 9 Batch 10/584 Time 0.303 h Loss 0.074 Batch acc. 96.875
Epoch 9 Batch 20/584 Time 0.303 h Loss 0.186 Batch acc. 96.875
Epoch 9 Batch 30/584 Time 0.304 h Loss 0.058 Batch acc. 98.438
Epoch 9 Batch 40/584 Time 0.304 h Loss 0.067 Batch acc. 98.438
Epoch 9 Batch 50/584 Time 0.305 h Loss 0.075 Batch acc. 98.438
Epoch 9 Batch 60/584 Time 0.305 h Loss 0.115 Batch acc. 98.438
Epoch 9 Batch 70/584 Time 0.306 h Loss 0.109 Batch acc. 95.312
Epoch 9 Batch 80/584 Time 0.306 h Loss 0.013 Batch acc. 100.000
Epoch 9 Batch 90/584 Time 0.307 h Loss 0.020 Batch acc. 100.000
Epoch 9 Batch 100/584 Time 0.308 h Loss 0.185 Batch acc. 93.750
Epoch 9 Batch 110/584 Time 0.308 h Loss 0.093 Batch acc. 95.312
Epoch 9 Batch 120/584 Time 0.309 h Loss 0.071 Batch acc. 98.438
Epoch 9 Batch 130/584 Time 0.309 h Loss 0.071 Batch acc. 98.438
Epoch 9 Batch 140/584 Time 0.310 h Loss 0.024 Batch acc. 100.000
Epoch 9 Batch 150/584 Time 0.310 h Loss 0.049 Batch acc. 96.875
Epoch 9 Batch 160/584 Time 0.311 h Loss 0.018 Batch acc. 98.438
Epoch 9 Batch 170/584 Time 0.311 h Loss 0.043 Batch acc. 98.438
Epoch 9 Batch 180/584 Time 0.312 h Loss 0.036 Batch acc. 100.000
Epoch 9 Batch 190/584 Time 0.312 h Loss 0.055 Batch acc. 93.750
Epoch 9 Batch 200/584 Time 0.313 h Loss 0.009 Batch acc. 100.000
Epoch 9 Batch 210/584 Time 0.314 h Loss 0.178 Batch acc. 98.438
Epoch 9 Batch 220/584 Time 0.314 h Loss 0.013 Batch acc. 100.000
Epoch 9 Batch 230/584 Time 0.315 h Loss 0.067 Batch acc. 96.875
Epoch 9 Batch 240/584 Time 0.315 h Loss 0.095 Batch acc. 98.438
Epoch 9 Batch 250/584 Time 0.316 h Loss 0.050 Batch acc. 98.438
Epoch 9 Batch 260/584 Time 0.316 h Loss 0.042 Batch acc. 100.000
Epoch 9 Batch 270/584 Time 0.317 h Loss 0.120 Batch acc. 98.438
Epoch 9 Batch 280/584 Time 0.317 h Loss 0.016 Batch acc. 98.438
Epoch 9 Batch 290/584 Time 0.318 h Loss 0.032 Batch acc. 98.438
Epoch 9 Batch 300/584 Time 0.319 h Loss 0.093 Batch acc. 98.438
Epoch 9 Batch 310/584 Time 0.319 h Loss 0.018 Batch acc. 100.000
Epoch 9 Batch 320/584 Time 0.320 h Loss 0.115 Batch acc. 95.312
Epoch 9 Batch 330/584 Time 0.320 h Loss 0.070 Batch acc. 96.875
Epoch 9 Batch 340/584 Time 0.321 h Loss 0.139 Batch acc. 95.312
Epoch 9 Batch 350/584 Time 0.321 h Loss 0.122 Batch acc. 100.000
Epoch 9 Batch 360/584 Time 0.322 h Loss 0.093 Batch acc. 95.312
Epoch 9 Batch 370/584 Time 0.322 h Loss 0.032 Batch acc. 98.438
Epoch 9 Batch 380/584 Time 0.323 h Loss 0.020 Batch acc. 100.000
Epoch 9 Batch 390/584 Time 0.323 h Loss 0.104 Batch acc. 96.875
Epoch 9 Batch 400/584 Time 0.324 h Loss 0.031 Batch acc. 100.000
Epoch 9 Batch 410/584 Time 0.325 h Loss 0.098 Batch acc. 95.312
Epoch 9 Batch 420/584 Time 0.325 h Loss 0.107 Batch acc. 96.875
Epoch 9 Batch 430/584 Time 0.326 h Loss 0.050 Batch acc. 100.000
Epoch 9 Batch 440/584 Time 0.326 h Loss 0.025 Batch acc. 100.000
Epoch 9 Batch 450/584 Time 0.327 h Loss 0.047 Batch acc. 100.000
Epoch 9 Batch 460/584 Time 0.327 h Loss 0.126 Batch acc. 96.875
Epoch 9 Batch 470/584 Time 0.328 h Loss 0.008 Batch acc. 100.000
Epoch 9 Batch 480/584 Time 0.328 h Loss 0.021 Batch acc. 100.000
Epoch 9 Batch 490/584 Time 0.329 h Loss 0.106 Batch acc. 96.875
Epoch 9 Batch 500/584 Time 0.330 h Loss 0.026 Batch acc. 96.875
Epoch 9 Batch 510/584 Time 0.330 h Loss 0.014 Batch acc. 98.438
Epoch 9 Batch 520/584 Time 0.331 h Loss 0.127 Batch acc. 98.438
Epoch 9 Batch 530/584 Time 0.331 h Loss 0.120 Batch acc. 93.750
Epoch 9 Batch 540/584 Time 0.332 h Loss 0.096 Batch acc. 96.875
Epoch 9 Batch 550/584 Time 0.332 h Loss 0.040 Batch acc. 98.438
Epoch 9 Batch 560/584 Time 0.333 h Loss 0.093 Batch acc. 100.000
Epoch 9 Batch 570/584 Time 0.333 h Loss 0.069 Batch acc. 96.875
Epoch 9 Batch 580/584 Time 0.334 h Loss 0.092 Batch acc. 95.312
Evaluating on test set...
Test acc. is 81.7383
Epoch 10 Batch 0/584 Time 0.336 h Loss 0.042 Batch acc. 98.438
Epoch 10 Batch 10/584 Time 0.336 h Loss 0.088 Batch acc. 98.438
Epoch 10 Batch 20/584 Time 0.337 h Loss 0.202 Batch acc. 95.312
Epoch 10 Batch 30/584 Time 0.337 h Loss 0.055 Batch acc. 98.438
Epoch 10 Batch 40/584 Time 0.338 h Loss 0.021 Batch acc. 100.000
Epoch 10 Batch 50/584 Time 0.338 h Loss 0.092 Batch acc. 100.000
Epoch 10 Batch 60/584 Time 0.339 h Loss 0.007 Batch acc. 100.000
Epoch 10 Batch 70/584 Time 0.339 h Loss 0.080 Batch acc. 96.875
Epoch 10 Batch 80/584 Time 0.340 h Loss 0.036 Batch acc. 96.875
Epoch 10 Batch 90/584 Time 0.340 h Loss 0.027 Batch acc. 100.000
Epoch 10 Batch 100/584 Time 0.341 h Loss 0.092 Batch acc. 98.438
Epoch 10 Batch 110/584 Time 0.342 h Loss 0.055 Batch acc. 98.438
Epoch 10 Batch 120/584 Time 0.342 h Loss 0.061 Batch acc. 100.000
Epoch 10 Batch 130/584 Time 0.343 h Loss 0.026 Batch acc. 98.438
Epoch 10 Batch 140/584 Time 0.343 h Loss 0.026 Batch acc. 100.000
Epoch 10 Batch 150/584 Time 0.344 h Loss 0.020 Batch acc. 100.000
Epoch 10 Batch 160/584 Time 0.344 h Loss 0.068 Batch acc. 98.438
Epoch 10 Batch 170/584 Time 0.345 h Loss 0.069 Batch acc. 100.000
Epoch 10 Batch 180/584 Time 0.345 h Loss 0.034 Batch acc. 100.000
Epoch 10 Batch 190/584 Time 0.346 h Loss 0.029 Batch acc. 98.438
Epoch 10 Batch 200/584 Time 0.347 h Loss 0.108 Batch acc. 98.438
Epoch 10 Batch 210/584 Time 0.347 h Loss 0.085 Batch acc. 95.312
Epoch 10 Batch 220/584 Time 0.348 h Loss 0.026 Batch acc. 100.000
Epoch 10 Batch 230/584 Time 0.348 h Loss 0.029 Batch acc. 95.312
Epoch 10 Batch 240/584 Time 0.349 h Loss 0.235 Batch acc. 92.188
Epoch 10 Batch 250/584 Time 0.349 h Loss 0.060 Batch acc. 100.000
Epoch 10 Batch 260/584 Time 0.350 h Loss 0.032 Batch acc. 96.875
Epoch 10 Batch 270/584 Time 0.350 h Loss 0.069 Batch acc. 96.875
Epoch 10 Batch 280/584 Time 0.351 h Loss 0.022 Batch acc. 98.438
Epoch 10 Batch 290/584 Time 0.351 h Loss 0.037 Batch acc. 100.000
Epoch 10 Batch 300/584 Time 0.352 h Loss 0.092 Batch acc. 96.875
Epoch 10 Batch 310/584 Time 0.353 h Loss 0.093 Batch acc. 96.875
Epoch 10 Batch 320/584 Time 0.353 h Loss 0.161 Batch acc. 95.312
Epoch 10 Batch 330/584 Time 0.354 h Loss 0.095 Batch acc. 100.000
Epoch 10 Batch 340/584 Time 0.354 h Loss 0.015 Batch acc. 100.000
Epoch 10 Batch 350/584 Time 0.355 h Loss 0.109 Batch acc. 98.438
Epoch 10 Batch 360/584 Time 0.355 h Loss 0.043 Batch acc. 96.875
Epoch 10 Batch 370/584 Time 0.356 h Loss 0.050 Batch acc. 98.438
Epoch 10 Batch 380/584 Time 0.356 h Loss 0.123 Batch acc. 96.875
Epoch 10 Batch 390/584 Time 0.357 h Loss 0.134 Batch acc. 93.750
Epoch 10 Batch 400/584 Time 0.358 h Loss 0.016 Batch acc. 100.000
Epoch 10 Batch 410/584 Time 0.358 h Loss 0.124 Batch acc. 95.312
Epoch 10 Batch 420/584 Time 0.359 h Loss 0.098 Batch acc. 98.438
Epoch 10 Batch 430/584 Time 0.359 h Loss 0.055 Batch acc. 98.438
Epoch 10 Batch 440/584 Time 0.360 h Loss 0.023 Batch acc. 96.875
Epoch 10 Batch 450/584 Time 0.360 h Loss 0.042 Batch acc. 98.438
Epoch 10 Batch 460/584 Time 0.361 h Loss 0.122 Batch acc. 96.875
Epoch 10 Batch 470/584 Time 0.361 h Loss 0.033 Batch acc. 96.875
Epoch 10 Batch 480/584 Time 0.362 h Loss 0.080 Batch acc. 96.875
Epoch 10 Batch 490/584 Time 0.363 h Loss 0.173 Batch acc. 96.875
Epoch 10 Batch 500/584 Time 0.363 h Loss 0.012 Batch acc. 100.000
Epoch 10 Batch 510/584 Time 0.364 h Loss 0.081 Batch acc. 98.438
Epoch 10 Batch 520/584 Time 0.364 h Loss 0.102 Batch acc. 96.875
Epoch 10 Batch 530/584 Time 0.365 h Loss 0.105 Batch acc. 98.438
Epoch 10 Batch 540/584 Time 0.365 h Loss 0.112 Batch acc. 98.438
Epoch 10 Batch 550/584 Time 0.366 h Loss 0.222 Batch acc. 96.875
Epoch 10 Batch 560/584 Time 0.366 h Loss 0.034 Batch acc. 100.000
Epoch 10 Batch 570/584 Time 0.367 h Loss 0.006 Batch acc. 98.438
Epoch 10 Batch 580/584 Time 0.367 h Loss 0.108 Batch acc. 98.438
Evaluating on test set...
Test acc. is 87.0117
Epoch 11 Batch 0/584 Time 0.369 h Loss 0.019 Batch acc. 98.438
Epoch 11 Batch 10/584 Time 0.369 h Loss 0.034 Batch acc. 100.000
Epoch 11 Batch 20/584 Time 0.370 h Loss 0.034 Batch acc. 100.000
Epoch 11 Batch 30/584 Time 0.371 h Loss 0.033 Batch acc. 100.000
Epoch 11 Batch 40/584 Time 0.371 h Loss 0.029 Batch acc. 100.000
Epoch 11 Batch 50/584 Time 0.372 h Loss 0.091 Batch acc. 98.438
Epoch 11 Batch 60/584 Time 0.372 h Loss 0.107 Batch acc. 96.875
Epoch 11 Batch 70/584 Time 0.373 h Loss 0.068 Batch acc. 98.438
Epoch 11 Batch 80/584 Time 0.373 h Loss 0.011 Batch acc. 100.000
Epoch 11 Batch 90/584 Time 0.374 h Loss 0.023 Batch acc. 100.000
Epoch 11 Batch 100/584 Time 0.374 h Loss 0.029 Batch acc. 100.000
Epoch 11 Batch 110/584 Time 0.375 h Loss 0.074 Batch acc. 98.438
Epoch 11 Batch 120/584 Time 0.376 h Loss 0.041 Batch acc. 100.000
Epoch 11 Batch 130/584 Time 0.376 h Loss 0.049 Batch acc. 98.438
Epoch 11 Batch 140/584 Time 0.377 h Loss 0.030 Batch acc. 98.438
Epoch 11 Batch 150/584 Time 0.377 h Loss 0.039 Batch acc. 100.000
Epoch 11 Batch 160/584 Time 0.378 h Loss 0.038 Batch acc. 100.000
Epoch 11 Batch 170/584 Time 0.378 h Loss 0.060 Batch acc. 98.438
Epoch 11 Batch 180/584 Time 0.379 h Loss 0.139 Batch acc. 96.875
Epoch 11 Batch 190/584 Time 0.379 h Loss 0.012 Batch acc. 100.000
Epoch 11 Batch 200/584 Time 0.380 h Loss 0.038 Batch acc. 96.875
Epoch 11 Batch 210/584 Time 0.381 h Loss 0.152 Batch acc. 98.438
Epoch 11 Batch 220/584 Time 0.381 h Loss 0.129 Batch acc. 100.000
Epoch 11 Batch 230/584 Time 0.382 h Loss 0.027 Batch acc. 100.000
Epoch 11 Batch 240/584 Time 0.382 h Loss 0.038 Batch acc. 98.438
Epoch 11 Batch 250/584 Time 0.383 h Loss 0.050 Batch acc. 98.438
Epoch 11 Batch 260/584 Time 0.383 h Loss 0.110 Batch acc. 95.312
Epoch 11 Batch 270/584 Time 0.384 h Loss 0.102 Batch acc. 98.438
Epoch 11 Batch 280/584 Time 0.384 h Loss 0.054 Batch acc. 100.000
Epoch 11 Batch 290/584 Time 0.385 h Loss 0.032 Batch acc. 100.000
Epoch 11 Batch 300/584 Time 0.386 h Loss 0.031 Batch acc. 98.438
Epoch 11 Batch 310/584 Time 0.386 h Loss 0.104 Batch acc. 100.000
Epoch 11 Batch 320/584 Time 0.387 h Loss 0.041 Batch acc. 100.000
Epoch 11 Batch 330/584 Time 0.387 h Loss 0.117 Batch acc. 96.875
Epoch 11 Batch 340/584 Time 0.388 h Loss 0.004 Batch acc. 100.000
Epoch 11 Batch 350/584 Time 0.388 h Loss 0.019 Batch acc. 100.000
Epoch 11 Batch 360/584 Time 0.389 h Loss 0.217 Batch acc. 93.750
Epoch 11 Batch 370/584 Time 0.389 h Loss 0.030 Batch acc. 100.000
Epoch 11 Batch 380/584 Time 0.390 h Loss 0.010 Batch acc. 100.000
Epoch 11 Batch 390/584 Time 0.391 h Loss 0.117 Batch acc. 96.875
Epoch 11 Batch 400/584 Time 0.391 h Loss 0.034 Batch acc. 100.000
Epoch 11 Batch 410/584 Time 0.392 h Loss 0.027 Batch acc. 100.000
Epoch 11 Batch 420/584 Time 0.392 h Loss 0.084 Batch acc. 100.000
Epoch 11 Batch 430/584 Time 0.393 h Loss 0.016 Batch acc. 100.000
Epoch 11 Batch 440/584 Time 0.393 h Loss 0.022 Batch acc. 100.000
Epoch 11 Batch 450/584 Time 0.394 h Loss 0.137 Batch acc. 98.438
Epoch 11 Batch 460/584 Time 0.394 h Loss 0.036 Batch acc. 98.438
Epoch 11 Batch 470/584 Time 0.395 h Loss 0.148 Batch acc. 92.188
Epoch 11 Batch 480/584 Time 0.396 h Loss 0.022 Batch acc. 100.000
Epoch 11 Batch 490/584 Time 0.396 h Loss 0.157 Batch acc. 95.312
Epoch 11 Batch 500/584 Time 0.397 h Loss 0.104 Batch acc. 98.438
Epoch 11 Batch 510/584 Time 0.397 h Loss 0.053 Batch acc. 96.875
Epoch 11 Batch 520/584 Time 0.398 h Loss 0.068 Batch acc. 98.438
Epoch 11 Batch 530/584 Time 0.398 h Loss 0.074 Batch acc. 100.000
Epoch 11 Batch 540/584 Time 0.399 h Loss 0.103 Batch acc. 96.875
Epoch 11 Batch 550/584 Time 0.399 h Loss 0.070 Batch acc. 98.438
Epoch 11 Batch 560/584 Time 0.400 h Loss 0.006 Batch acc. 100.000
Epoch 11 Batch 570/584 Time 0.400 h Loss 0.067 Batch acc. 96.875
Epoch 11 Batch 580/584 Time 0.401 h Loss 0.109 Batch acc. 96.875
Evaluating on test set...
Test acc. is 84.8633
Epoch 12 Batch 0/584 Time 0.403 h Loss 0.037 Batch acc. 98.438
Epoch 12 Batch 10/584 Time 0.403 h Loss 0.010 Batch acc. 100.000
Epoch 12 Batch 20/584 Time 0.404 h Loss 0.173 Batch acc. 96.875
Epoch 12 Batch 30/584 Time 0.404 h Loss 0.088 Batch acc. 96.875
Epoch 12 Batch 40/584 Time 0.405 h Loss 0.069 Batch acc. 96.875
Epoch 12 Batch 50/584 Time 0.405 h Loss 0.006 Batch acc. 100.000
Epoch 12 Batch 60/584 Time 0.406 h Loss 0.056 Batch acc. 98.438
Epoch 12 Batch 70/584 Time 0.407 h Loss 0.038 Batch acc. 98.438
Epoch 12 Batch 80/584 Time 0.407 h Loss 0.098 Batch acc. 96.875
Epoch 12 Batch 90/584 Time 0.408 h Loss 0.020 Batch acc. 100.000
Epoch 12 Batch 100/584 Time 0.408 h Loss 0.116 Batch acc. 96.875
Epoch 12 Batch 110/584 Time 0.409 h Loss 0.047 Batch acc. 98.438
Epoch 12 Batch 120/584 Time 0.409 h Loss 0.025 Batch acc. 100.000
Epoch 12 Batch 130/584 Time 0.410 h Loss 0.010 Batch acc. 100.000
Epoch 12 Batch 140/584 Time 0.410 h Loss 0.094 Batch acc. 98.438
Epoch 12 Batch 150/584 Time 0.411 h Loss 0.162 Batch acc. 93.750
Epoch 12 Batch 160/584 Time 0.411 h Loss 0.038 Batch acc. 100.000
Epoch 12 Batch 170/584 Time 0.412 h Loss 0.058 Batch acc. 95.312
Epoch 12 Batch 180/584 Time 0.413 h Loss 0.018 Batch acc. 100.000
Epoch 12 Batch 190/584 Time 0.413 h Loss 0.034 Batch acc. 92.188
Epoch 12 Batch 200/584 Time 0.414 h Loss 0.033 Batch acc. 96.875
Epoch 12 Batch 210/584 Time 0.414 h Loss 0.029 Batch acc. 100.000
Epoch 12 Batch 220/584 Time 0.415 h Loss 0.026 Batch acc. 100.000
Epoch 12 Batch 230/584 Time 0.415 h Loss 0.018 Batch acc. 100.000
Epoch 12 Batch 240/584 Time 0.416 h Loss 0.059 Batch acc. 95.312
Epoch 12 Batch 250/584 Time 0.416 h Loss 0.042 Batch acc. 100.000
Epoch 12 Batch 260/584 Time 0.417 h Loss 0.005 Batch acc. 100.000
Epoch 12 Batch 270/584 Time 0.417 h Loss 0.013 Batch acc. 100.000
Epoch 12 Batch 280/584 Time 0.418 h Loss 0.037 Batch acc. 96.875
Epoch 12 Batch 290/584 Time 0.419 h Loss 0.016 Batch acc. 98.438
Epoch 12 Batch 300/584 Time 0.419 h Loss 0.011 Batch acc. 100.000
Epoch 12 Batch 310/584 Time 0.420 h Loss 0.025 Batch acc. 100.000
Epoch 12 Batch 320/584 Time 0.420 h Loss 0.100 Batch acc. 96.875
Epoch 12 Batch 330/584 Time 0.421 h Loss 0.077 Batch acc. 98.438
Epoch 12 Batch 340/584 Time 0.421 h Loss 0.020 Batch acc. 100.000
Epoch 12 Batch 350/584 Time 0.422 h Loss 0.069 Batch acc. 98.438
Epoch 12 Batch 360/584 Time 0.423 h Loss 0.025 Batch acc. 100.000
Epoch 12 Batch 370/584 Time 0.423 h Loss 0.046 Batch acc. 100.000
Epoch 12 Batch 380/584 Time 0.424 h Loss 0.005 Batch acc. 98.438
Epoch 12 Batch 390/584 Time 0.424 h Loss 0.005 Batch acc. 100.000
Epoch 12 Batch 400/584 Time 0.425 h Loss 0.015 Batch acc. 100.000
Epoch 12 Batch 410/584 Time 0.425 h Loss 0.067 Batch acc. 95.312
Epoch 12 Batch 420/584 Time 0.426 h Loss 0.027 Batch acc. 96.875
Epoch 12 Batch 430/584 Time 0.426 h Loss 0.022 Batch acc. 100.000
Epoch 12 Batch 440/584 Time 0.427 h Loss 0.047 Batch acc. 96.875
Epoch 12 Batch 450/584 Time 0.428 h Loss 0.022 Batch acc. 96.875
Epoch 12 Batch 460/584 Time 0.428 h Loss 0.059 Batch acc. 98.438
Epoch 12 Batch 470/584 Time 0.429 h Loss 0.103 Batch acc. 98.438
Epoch 12 Batch 480/584 Time 0.429 h Loss 0.031 Batch acc. 100.000
Epoch 12 Batch 490/584 Time 0.430 h Loss 0.020 Batch acc. 100.000
Epoch 12 Batch 500/584 Time 0.430 h Loss 0.034 Batch acc. 100.000
Epoch 12 Batch 510/584 Time 0.431 h Loss 0.051 Batch acc. 100.000
Epoch 12 Batch 520/584 Time 0.431 h Loss 0.093 Batch acc. 100.000
Epoch 12 Batch 530/584 Time 0.432 h Loss 0.024 Batch acc. 100.000
Epoch 12 Batch 540/584 Time 0.433 h Loss 0.106 Batch acc. 95.312
Epoch 12 Batch 550/584 Time 0.433 h Loss 0.124 Batch acc. 96.875
Epoch 12 Batch 560/584 Time 0.434 h Loss 0.056 Batch acc. 93.750
Epoch 12 Batch 570/584 Time 0.434 h Loss 0.008 Batch acc. 100.000
Epoch 12 Batch 580/584 Time 0.435 h Loss 0.049 Batch acc. 96.875
Evaluating on test set...
Test acc. is 84.3750
Epoch 13 Batch 0/584 Time 0.436 h Loss 0.054 Batch acc. 98.438
Epoch 13 Batch 10/584 Time 0.437 h Loss 0.041 Batch acc. 98.438
Epoch 13 Batch 20/584 Time 0.437 h Loss 0.081 Batch acc. 100.000
Epoch 13 Batch 30/584 Time 0.438 h Loss 0.072 Batch acc. 98.438
Epoch 13 Batch 40/584 Time 0.439 h Loss 0.012 Batch acc. 100.000
Epoch 13 Batch 50/584 Time 0.439 h Loss 0.008 Batch acc. 98.438
Epoch 13 Batch 60/584 Time 0.440 h Loss 0.018 Batch acc. 98.438
Epoch 13 Batch 70/584 Time 0.440 h Loss 0.040 Batch acc. 98.438
Epoch 13 Batch 80/584 Time 0.441 h Loss 0.028 Batch acc. 100.000
Epoch 13 Batch 90/584 Time 0.441 h Loss 0.046 Batch acc. 100.000
Epoch 13 Batch 100/584 Time 0.442 h Loss 0.056 Batch acc. 98.438
Epoch 13 Batch 110/584 Time 0.442 h Loss 0.079 Batch acc. 100.000
Epoch 13 Batch 120/584 Time 0.443 h Loss 0.112 Batch acc. 96.875
Epoch 13 Batch 130/584 Time 0.444 h Loss 0.048 Batch acc. 100.000
Epoch 13 Batch 140/584 Time 0.444 h Loss 0.023 Batch acc. 100.000
Epoch 13 Batch 150/584 Time 0.445 h Loss 0.040 Batch acc. 100.000
Epoch 13 Batch 160/584 Time 0.445 h Loss 0.014 Batch acc. 100.000
Epoch 13 Batch 170/584 Time 0.446 h Loss 0.027 Batch acc. 100.000
Epoch 13 Batch 180/584 Time 0.446 h Loss 0.014 Batch acc. 100.000
Epoch 13 Batch 190/584 Time 0.447 h Loss 0.026 Batch acc. 100.000
Epoch 13 Batch 200/584 Time 0.447 h Loss 0.079 Batch acc. 100.000
Epoch 13 Batch 210/584 Time 0.448 h Loss 0.031 Batch acc. 100.000
Epoch 13 Batch 220/584 Time 0.448 h Loss 0.147 Batch acc. 98.438
Epoch 13 Batch 230/584 Time 0.449 h Loss 0.014 Batch acc. 96.875
Epoch 13 Batch 240/584 Time 0.450 h Loss 0.099 Batch acc. 96.875
Epoch 13 Batch 250/584 Time 0.450 h Loss 0.185 Batch acc. 95.312
Epoch 13 Batch 260/584 Time 0.451 h Loss 0.157 Batch acc. 96.875
Epoch 13 Batch 270/584 Time 0.451 h Loss 0.015 Batch acc. 100.000
Epoch 13 Batch 280/584 Time 0.452 h Loss 0.014 Batch acc. 100.000
Epoch 13 Batch 290/584 Time 0.452 h Loss 0.063 Batch acc. 96.875
Epoch 13 Batch 300/584 Time 0.453 h Loss 0.022 Batch acc. 98.438
Epoch 13 Batch 310/584 Time 0.453 h Loss 0.061 Batch acc. 100.000
Epoch 13 Batch 320/584 Time 0.454 h Loss 0.065 Batch acc. 98.438
Epoch 13 Batch 330/584 Time 0.455 h Loss 0.059 Batch acc. 100.000
Epoch 13 Batch 340/584 Time 0.455 h Loss 0.003 Batch acc. 98.438
Epoch 13 Batch 350/584 Time 0.456 h Loss 0.058 Batch acc. 100.000
Epoch 13 Batch 360/584 Time 0.456 h Loss 0.042 Batch acc. 100.000
Epoch 13 Batch 370/584 Time 0.457 h Loss 0.019 Batch acc. 98.438
Epoch 13 Batch 380/584 Time 0.457 h Loss 0.050 Batch acc. 98.438
Epoch 13 Batch 390/584 Time 0.458 h Loss 0.021 Batch acc. 100.000
Epoch 13 Batch 400/584 Time 0.458 h Loss 0.003 Batch acc. 100.000
Epoch 13 Batch 410/584 Time 0.459 h Loss 0.025 Batch acc. 98.438
Epoch 13 Batch 420/584 Time 0.460 h Loss 0.035 Batch acc. 98.438
Epoch 13 Batch 430/584 Time 0.460 h Loss 0.082 Batch acc. 100.000
Epoch 13 Batch 440/584 Time 0.461 h Loss 0.047 Batch acc. 98.438
Epoch 13 Batch 450/584 Time 0.461 h Loss 0.072 Batch acc. 98.438
Epoch 13 Batch 460/584 Time 0.462 h Loss 0.042 Batch acc. 100.000
Epoch 13 Batch 470/584 Time 0.462 h Loss 0.009 Batch acc. 98.438
Epoch 13 Batch 480/584 Time 0.463 h Loss 0.042 Batch acc. 98.438
Epoch 13 Batch 490/584 Time 0.463 h Loss 0.012 Batch acc. 98.438
Epoch 13 Batch 500/584 Time 0.464 h Loss 0.165 Batch acc. 95.312
Epoch 13 Batch 510/584 Time 0.464 h Loss 0.173 Batch acc. 98.438
Epoch 13 Batch 520/584 Time 0.465 h Loss 0.048 Batch acc. 100.000
Epoch 13 Batch 530/584 Time 0.466 h Loss 0.030 Batch acc. 100.000
Epoch 13 Batch 540/584 Time 0.466 h Loss 0.067 Batch acc. 100.000
Epoch 13 Batch 550/584 Time 0.467 h Loss 0.014 Batch acc. 100.000
Epoch 13 Batch 560/584 Time 0.467 h Loss 0.010 Batch acc. 100.000
Epoch 13 Batch 570/584 Time 0.468 h Loss 0.067 Batch acc. 95.312
Epoch 13 Batch 580/584 Time 0.468 h Loss 0.012 Batch acc. 98.438
Evaluating on test set...
Test acc. is 84.6680
Epoch 14 Batch 0/584 Time 0.470 h Loss 0.054 Batch acc. 96.875
Epoch 14 Batch 10/584 Time 0.470 h Loss 0.032 Batch acc. 98.438
Epoch 14 Batch 20/584 Time 0.471 h Loss 0.009 Batch acc. 100.000
Epoch 14 Batch 30/584 Time 0.471 h Loss 0.148 Batch acc. 98.438
Epoch 14 Batch 40/584 Time 0.472 h Loss 0.014 Batch acc. 100.000
Epoch 14 Batch 50/584 Time 0.473 h Loss 0.015 Batch acc. 100.000
Epoch 14 Batch 60/584 Time 0.473 h Loss 0.121 Batch acc. 96.875
Epoch 14 Batch 70/584 Time 0.474 h Loss 0.079 Batch acc. 98.438
Epoch 14 Batch 80/584 Time 0.474 h Loss 0.033 Batch acc. 100.000
Epoch 14 Batch 90/584 Time 0.475 h Loss 0.083 Batch acc. 98.438
Epoch 14 Batch 100/584 Time 0.475 h Loss 0.047 Batch acc. 98.438
Epoch 14 Batch 110/584 Time 0.476 h Loss 0.015 Batch acc. 98.438
Epoch 14 Batch 120/584 Time 0.476 h Loss 0.016 Batch acc. 98.438
Epoch 14 Batch 130/584 Time 0.477 h Loss 0.063 Batch acc. 100.000
Epoch 14 Batch 140/584 Time 0.477 h Loss 0.026 Batch acc. 100.000
Epoch 14 Batch 150/584 Time 0.478 h Loss 0.016 Batch acc. 100.000
Epoch 14 Batch 160/584 Time 0.479 h Loss 0.016 Batch acc. 100.000
Epoch 14 Batch 170/584 Time 0.479 h Loss 0.018 Batch acc. 98.438
Epoch 14 Batch 180/584 Time 0.480 h Loss 0.044 Batch acc. 98.438
Epoch 14 Batch 190/584 Time 0.480 h Loss 0.007 Batch acc. 100.000
Epoch 14 Batch 200/584 Time 0.481 h Loss 0.008 Batch acc. 100.000
Epoch 14 Batch 210/584 Time 0.481 h Loss 0.051 Batch acc. 98.438
Epoch 14 Batch 220/584 Time 0.482 h Loss 0.038 Batch acc. 98.438
Epoch 14 Batch 230/584 Time 0.482 h Loss 0.048 Batch acc. 98.438
Epoch 14 Batch 240/584 Time 0.483 h Loss 0.011 Batch acc. 100.000
Epoch 14 Batch 250/584 Time 0.484 h Loss 0.096 Batch acc. 96.875
Epoch 14 Batch 260/584 Time 0.484 h Loss 0.051 Batch acc. 100.000
Epoch 14 Batch 270/584 Time 0.485 h Loss 0.147 Batch acc. 96.875
Epoch 14 Batch 280/584 Time 0.485 h Loss 0.041 Batch acc. 96.875
Epoch 14 Batch 290/584 Time 0.486 h Loss 0.009 Batch acc. 100.000
Epoch 14 Batch 300/584 Time 0.486 h Loss 0.096 Batch acc. 98.438
Epoch 14 Batch 310/584 Time 0.487 h Loss 0.109 Batch acc. 98.438
Epoch 14 Batch 320/584 Time 0.488 h Loss 0.138 Batch acc. 100.000
Epoch 14 Batch 330/584 Time 0.488 h Loss 0.047 Batch acc. 96.875
Epoch 14 Batch 340/584 Time 0.489 h Loss 0.020 Batch acc. 100.000
Epoch 14 Batch 350/584 Time 0.489 h Loss 0.020 Batch acc. 98.438
Epoch 14 Batch 360/584 Time 0.490 h Loss 0.095 Batch acc. 96.875
Epoch 14 Batch 370/584 Time 0.490 h Loss 0.057 Batch acc. 96.875
Epoch 14 Batch 380/584 Time 0.491 h Loss 0.025 Batch acc. 96.875
Epoch 14 Batch 390/584 Time 0.491 h Loss 0.006 Batch acc. 100.000
Epoch 14 Batch 400/584 Time 0.492 h Loss 0.080 Batch acc. 100.000
Epoch 14 Batch 410/584 Time 0.492 h Loss 0.022 Batch acc. 100.000
Epoch 14 Batch 420/584 Time 0.493 h Loss 0.041 Batch acc. 98.438
Epoch 14 Batch 430/584 Time 0.494 h Loss 0.043 Batch acc. 100.000
Epoch 14 Batch 440/584 Time 0.494 h Loss 0.053 Batch acc. 100.000
Epoch 14 Batch 450/584 Time 0.495 h Loss 0.068 Batch acc. 100.000
Epoch 14 Batch 460/584 Time 0.495 h Loss 0.043 Batch acc. 98.438
Epoch 14 Batch 470/584 Time 0.496 h Loss 0.011 Batch acc. 98.438
Epoch 14 Batch 480/584 Time 0.496 h Loss 0.019 Batch acc. 100.000
Epoch 14 Batch 490/584 Time 0.497 h Loss 0.110 Batch acc. 96.875
Epoch 14 Batch 500/584 Time 0.497 h Loss 0.027 Batch acc. 100.000
Epoch 14 Batch 510/584 Time 0.498 h Loss 0.014 Batch acc. 100.000
Epoch 14 Batch 520/584 Time 0.499 h Loss 0.054 Batch acc. 100.000
Epoch 14 Batch 530/584 Time 0.499 h Loss 0.020 Batch acc. 98.438
Epoch 14 Batch 540/584 Time 0.500 h Loss 0.061 Batch acc. 96.875
Epoch 14 Batch 550/584 Time 0.500 h Loss 0.033 Batch acc. 100.000
Epoch 14 Batch 560/584 Time 0.501 h Loss 0.021 Batch acc. 98.438
Epoch 14 Batch 570/584 Time 0.501 h Loss 0.035 Batch acc. 100.000
Epoch 14 Batch 580/584 Time 0.502 h Loss 0.035 Batch acc. 100.000
Evaluating on test set...
Test acc. is 83.5938
Done. Saved model under /home/julian/Documents/SPAA/Resources/Models/1198612970_model.pt
